# JRE version: OpenJDK Runtime Environment (7.0_79-b14) (build 1.7.0_79-b14)
# Java VM: OpenJDK 64-Bit Server VM (24.79-b02 mixed mode linux-amd64 compressed oops)
Heap
 PSYoungGen      total 310784K, used 132661K [0x00000000eaa80000, 0x0000000100000000, 0x0000000100000000)
  eden space 273920K, 48% used [0x00000000eaa80000,0x00000000f2c0d7f8,0x00000000fb600000)
  from space 36864K, 0% used [0x00000000fdc00000,0x00000000fdc00000,0x0000000100000000)
  to   space 37888K, 0% used [0x00000000fb600000,0x00000000fb600000,0x00000000fdb00000)
 ParOldGen       total 95744K, used 53836K [0x00000000c0000000, 0x00000000c5d80000, 0x00000000eaa80000)
  object space 95744K, 56% used [0x00000000c0000000,0x00000000c3493128,0x00000000c5d80000)
 PSPermGen       total 108544K, used 58537K [0x00000000b0000000, 0x00000000b6a00000, 0x00000000c0000000)
  object space 108544K, 53% used [0x00000000b0000000,0x00000000b392a5c0,0x00000000b6a00000)
GC Heap History (10 events):
Event: 1285.950 GC heap before
{Heap before GC invocations=19 (full 4):
 PSYoungGen      total 291840K, used 10514K [0x00000000eaa80000, 0x00000000ff900000, 0x0000000100000000)
  eden space 281088K, 0% used [0x00000000eaa80000,0x00000000eaa80000,0x00000000fbd00000)
  from space 10752K, 97% used [0x00000000fbd00000,0x00000000fc744b10,0x00000000fc780000)
  to   space 30720K, 0% used [0x00000000fdb00000,0x00000000fdb00000,0x00000000ff900000)
 ParOldGen       total 95744K, used 49897K [0x00000000c0000000, 0x00000000c5d80000, 0x00000000eaa80000)
  object space 95744K, 52% used [0x00000000c0000000,0x00000000c30ba518,0x00000000c5d80000)
 PSPermGen       total 115712K, used 58959K [0x00000000b0000000, 0x00000000b7100000, 0x00000000c0000000)
  object space 115712K, 50% used [0x00000000b0000000,0x00000000b3993e10,0x00000000b7100000)
Event: 1286.240 GC heap after
Heap after GC invocations=19 (full 4):
 PSYoungGen      total 291840K, used 0K [0x00000000eaa80000, 0x00000000ff900000, 0x0000000100000000)
  eden space 281088K, 0% used [0x00000000eaa80000,0x00000000eaa80000,0x00000000fbd00000)
  from space 10752K, 0% used [0x00000000fbd00000,0x00000000fbd00000,0x00000000fc780000)
  to   space 30720K, 0% used [0x00000000fdb00000,0x00000000fdb00000,0x00000000ff900000)
 ParOldGen       total 95744K, used 40776K [0x00000000c0000000, 0x00000000c5d80000, 0x00000000eaa80000)
  object space 95744K, 42% used [0x00000000c0000000,0x00000000c27d2178,0x00000000c5d80000)
 PSPermGen       total 111104K, used 56313K [0x00000000b0000000, 0x00000000b6c80000, 0x00000000c0000000)
  object space 111104K, 50% used [0x00000000b0000000,0x00000000b36fe608,0x00000000b6c80000)
}
Event: 1326.281 GC heap before
{Heap before GC invocations=20 (full 4):
 PSYoungGen      total 291840K, used 281088K [0x00000000eaa80000, 0x00000000ff900000, 0x0000000100000000)
  eden space 281088K, 100% used [0x00000000eaa80000,0x00000000fbd00000,0x00000000fbd00000)
  from space 10752K, 0% used [0x00000000fbd00000,0x00000000fbd00000,0x00000000fc780000)
  to   space 30720K, 0% used [0x00000000fdb00000,0x00000000fdb00000,0x00000000ff900000)
 ParOldGen       total 95744K, used 40776K [0x00000000c0000000, 0x00000000c5d80000, 0x00000000eaa80000)
  object space 95744K, 42% used [0x00000000c0000000,0x00000000c27d2178,0x00000000c5d80000)
 PSPermGen       total 111104K, used 57864K [0x00000000b0000000, 0x00000000b6c80000, 0x00000000c0000000)
  object space 111104K, 52% used [0x00000000b0000000,0x00000000b3882000,0x00000000b6c80000)
Event: 1326.310 GC heap after
Heap after GC invocations=20 (full 4):
 PSYoungGen      total 309248K, used 24289K [0x00000000eaa80000, 0x0000000100000000, 0x0000000100000000)
  eden space 278528K, 0% used [0x00000000eaa80000,0x00000000eaa80000,0x00000000fba80000)
  from space 30720K, 79% used [0x00000000fdb00000,0x00000000ff2b8638,0x00000000ff900000)
  to   space 33280K, 0% used [0x00000000fba80000,0x00000000fba80000,0x00000000fdb00000)
 ParOldGen       total 95744K, used 40776K [0x00000000c0000000, 0x00000000c5d80000, 0x00000000eaa80000)
  object space 95744K, 42% used [0x00000000c0000000,0x00000000c27d2178,0x00000000c5d80000)
 PSPermGen       total 111104K, used 57864K [0x00000000b0000000, 0x00000000b6c80000, 0x00000000c0000000)
  object space 111104K, 52% used [0x00000000b0000000,0x00000000b3882000,0x00000000b6c80000)
}
Event: 1523.713 GC heap before
{Heap before GC invocations=21 (full 4):
 PSYoungGen      total 309248K, used 302817K [0x00000000eaa80000, 0x0000000100000000, 0x0000000100000000)
  eden space 278528K, 100% used [0x00000000eaa80000,0x00000000fba80000,0x00000000fba80000)
  from space 30720K, 79% used [0x00000000fdb00000,0x00000000ff2b8638,0x00000000ff900000)
  to   space 33280K, 0% used [0x00000000fba80000,0x00000000fba80000,0x00000000fdb00000)
 ParOldGen       total 95744K, used 40776K [0x00000000c0000000, 0x00000000c5d80000, 0x00000000eaa80000)
  object space 95744K, 42% used [0x00000000c0000000,0x00000000c27d2178,0x00000000c5d80000)
 PSPermGen       total 111104K, used 59609K [0x00000000b0000000, 0x00000000b6c80000, 0x00000000c0000000)
  object space 111104K, 53% used [0x00000000b0000000,0x00000000b3a367e0,0x00000000b6c80000)
Event: 1523.782 GC heap after
Heap after GC invocations=21 (full 4):
 PSYoungGen      total 311808K, used 29070K [0x00000000eaa80000, 0x0000000100000000, 0x0000000100000000)
  eden space 278528K, 0% used [0x00000000eaa80000,0x00000000eaa80000,0x00000000fba80000)
  from space 33280K, 87% used [0x00000000fba80000,0x00000000fd6e3910,0x00000000fdb00000)
  to   space 36864K, 0% used [0x00000000fdc00000,0x00000000fdc00000,0x0000000100000000)
 ParOldGen       total 95744K, used 40776K [0x00000000c0000000, 0x00000000c5d80000, 0x00000000eaa80000)
  object space 95744K, 42% used [0x00000000c0000000,0x00000000c27d2178,0x00000000c5d80000)
 PSPermGen       total 111104K, used 59609K [0x00000000b0000000, 0x00000000b6c80000, 0x00000000c0000000)
  object space 111104K, 53% used [0x00000000b0000000,0x00000000b3a367e0,0x00000000b6c80000)
}
Event: 1523.978 GC heap before
{Heap before GC invocations=22 (full 4):
 PSYoungGen      total 311808K, used 55676K [0x00000000eaa80000, 0x0000000100000000, 0x0000000100000000)
  eden space 278528K, 9% used [0x00000000eaa80000,0x00000000ec47b970,0x00000000fba80000)
  from space 33280K, 87% used [0x00000000fba80000,0x00000000fd6e3910,0x00000000fdb00000)
  to   space 36864K, 0% used [0x00000000fdc00000,0x00000000fdc00000,0x0000000100000000)
 ParOldGen       total 95744K, used 40776K [0x00000000c0000000, 0x00000000c5d80000, 0x00000000eaa80000)
  object space 95744K, 42% used [0x00000000c0000000,0x00000000c27d2178,0x00000000c5d80000)
 PSPermGen       total 111104K, used 60065K [0x00000000b0000000, 0x00000000b6c80000, 0x00000000c0000000)
  object space 111104K, 54% used [0x00000000b0000000,0x00000000b3aa8430,0x00000000b6c80000)
Event: 1524.006 GC heap after
Heap after GC invocations=22 (full 4):
 PSYoungGen      total 310784K, used 23861K [0x00000000eaa80000, 0x0000000100000000, 0x0000000100000000)
  eden space 273920K, 0% used [0x00000000eaa80000,0x00000000eaa80000,0x00000000fb600000)
  from space 36864K, 64% used [0x00000000fdc00000,0x00000000ff34d760,0x0000000100000000)
  to   space 37888K, 0% used [0x00000000fb600000,0x00000000fb600000,0x00000000fdb00000)
 ParOldGen       total 95744K, used 40776K [0x00000000c0000000, 0x00000000c5d80000, 0x00000000eaa80000)
  object space 95744K, 42% used [0x00000000c0000000,0x00000000c27d2178,0x00000000c5d80000)
 PSPermGen       total 111104K, used 60065K [0x00000000b0000000, 0x00000000b6c80000, 0x00000000c0000000)
  object space 111104K, 54% used [0x00000000b0000000,0x00000000b3aa8430,0x00000000b6c80000)
}
Event: 1524.006 GC heap before
{Heap before GC invocations=23 (full 5):
 PSYoungGen      total 310784K, used 23861K [0x00000000eaa80000, 0x0000000100000000, 0x0000000100000000)
  eden space 273920K, 0% used [0x00000000eaa80000,0x00000000eaa80000,0x00000000fb600000)
  from space 36864K, 64% used [0x00000000fdc00000,0x00000000ff34d760,0x0000000100000000)
  to   space 37888K, 0% used [0x00000000fb600000,0x00000000fb600000,0x00000000fdb00000)
 ParOldGen       total 95744K, used 40776K [0x00000000c0000000, 0x00000000c5d80000, 0x00000000eaa80000)
  object space 95744K, 42% used [0x00000000c0000000,0x00000000c27d2178,0x00000000c5d80000)
 PSPermGen       total 111104K, used 60065K [0x00000000b0000000, 0x00000000b6c80000, 0x00000000c0000000)
  object space 111104K, 54% used [0x00000000b0000000,0x00000000b3aa8430,0x00000000b6c80000)
Event: 1524.507 GC heap after
Heap after GC invocations=23 (full 5):
 PSYoungGen      total 310784K, used 0K [0x00000000eaa80000, 0x0000000100000000, 0x0000000100000000)
  eden space 273920K, 0% used [0x00000000eaa80000,0x00000000eaa80000,0x00000000fb600000)
  from space 36864K, 0% used [0x00000000fdc00000,0x00000000fdc00000,0x0000000100000000)
  to   space 37888K, 0% used [0x00000000fb600000,0x00000000fb600000,0x00000000fdb00000)
 ParOldGen       total 95744K, used 53836K [0x00000000c0000000, 0x00000000c5d80000, 0x00000000eaa80000)
  object space 95744K, 56% used [0x00000000c0000000,0x00000000c3493128,0x00000000c5d80000)
 PSPermGen       total 108544K, used 58268K [0x00000000b0000000, 0x00000000b6a00000, 0x00000000c0000000)
  object space 108544K, 53% used [0x00000000b0000000,0x00000000b38e7358,0x00000000b6a00000)
}

