# JRE version: OpenJDK Runtime Environment (7.0_79-b14) (build 1.7.0_79-b14)
# Java VM: OpenJDK 64-Bit Server VM (24.79-b02 mixed mode linux-amd64 compressed oops)
Heap
 PSYoungGen      total 71680K, used 54105K [0x00000000eaa80000, 0x00000000f3b80000, 0x0000000100000000)
  eden space 62976K, 72% used [0x00000000eaa80000,0x00000000ed6dcce0,0x00000000ee800000)
  from space 8704K, 99% used [0x00000000ee800000,0x00000000ef0797e8,0x00000000ef080000)
  to   space 11264K, 0% used [0x00000000f3080000,0x00000000f3080000,0x00000000f3b80000)
 ParOldGen       total 41472K, used 10744K [0x00000000c0000000, 0x00000000c2880000, 0x00000000eaa80000)
  object space 41472K, 25% used [0x00000000c0000000,0x00000000c0a7e0c0,0x00000000c2880000)
 PSPermGen       total 27136K, used 27070K [0x00000000b0000000, 0x00000000b1a80000, 0x00000000c0000000)
  object space 27136K, 99% used [0x00000000b0000000,0x00000000b1a6fb88,0x00000000b1a80000)
GC Heap History (10 events):
Event: 1.876 GC heap before
{Heap before GC invocations=3 (full 0):
 PSYoungGen      total 18432K, used 17820K [0x00000000eaa80000, 0x00000000ece80000, 0x0000000100000000)
  eden space 15872K, 100% used [0x00000000eaa80000,0x00000000eba00000,0x00000000eba00000)
  from space 2560K, 76% used [0x00000000ebc80000,0x00000000ebe672d0,0x00000000ebf00000)
  to   space 2560K, 0% used [0x00000000eba00000,0x00000000eba00000,0x00000000ebc80000)
 ParOldGen       total 41472K, used 179K [0x00000000c0000000, 0x00000000c2880000, 0x00000000eaa80000)
  object space 41472K, 0% used [0x00000000c0000000,0x00000000c002cff0,0x00000000c2880000)
 PSPermGen       total 21504K, used 9784K [0x00000000b0000000, 0x00000000b1500000, 0x00000000c0000000)
  object space 21504K, 45% used [0x00000000b0000000,0x00000000b098e3f0,0x00000000b1500000)
Event: 1.888 GC heap after
Heap after GC invocations=3 (full 0):
 PSYoungGen      total 18432K, used 2528K [0x00000000eaa80000, 0x00000000ece80000, 0x0000000100000000)
  eden space 15872K, 0% used [0x00000000eaa80000,0x00000000eaa80000,0x00000000eba00000)
  from space 2560K, 98% used [0x00000000eba00000,0x00000000ebc78040,0x00000000ebc80000)
  to   space 2560K, 0% used [0x00000000ecc00000,0x00000000ecc00000,0x00000000ece80000)
 ParOldGen       total 41472K, used 1490K [0x00000000c0000000, 0x00000000c2880000, 0x00000000eaa80000)
  object space 41472K, 3% used [0x00000000c0000000,0x00000000c0174908,0x00000000c2880000)
 PSPermGen       total 21504K, used 9784K [0x00000000b0000000, 0x00000000b1500000, 0x00000000c0000000)
  object space 21504K, 45% used [0x00000000b0000000,0x00000000b098e3f0,0x00000000b1500000)
}
Event: 2.491 GC heap before
{Heap before GC invocations=4 (full 0):
 PSYoungGen      total 18432K, used 18400K [0x00000000eaa80000, 0x00000000ece80000, 0x0000000100000000)
  eden space 15872K, 100% used [0x00000000eaa80000,0x00000000eba00000,0x00000000eba00000)
  from space 2560K, 98% used [0x00000000eba00000,0x00000000ebc78040,0x00000000ebc80000)
  to   space 2560K, 0% used [0x00000000ecc00000,0x00000000ecc00000,0x00000000ece80000)
 ParOldGen       total 41472K, used 1490K [0x00000000c0000000, 0x00000000c2880000, 0x00000000eaa80000)
  object space 41472K, 3% used [0x00000000c0000000,0x00000000c0174908,0x00000000c2880000)
 PSPermGen       total 21504K, used 11542K [0x00000000b0000000, 0x00000000b1500000, 0x00000000c0000000)
  object space 21504K, 53% used [0x00000000b0000000,0x00000000b0b45988,0x00000000b1500000)
Event: 2.503 GC heap after
Heap after GC invocations=4 (full 0):
 PSYoungGen      total 34304K, used 2544K [0x00000000eaa80000, 0x00000000ece80000, 0x0000000100000000)
  eden space 31744K, 0% used [0x00000000eaa80000,0x00000000eaa80000,0x00000000ec980000)
  from space 2560K, 99% used [0x00000000ecc00000,0x00000000ece7c030,0x00000000ece80000)
  to   space 2560K, 0% used [0x00000000ec980000,0x00000000ec980000,0x00000000ecc00000)
 ParOldGen       total 41472K, used 3228K [0x00000000c0000000, 0x00000000c2880000, 0x00000000eaa80000)
  object space 41472K, 7% used [0x00000000c0000000,0x00000000c0327180,0x00000000c2880000)
 PSPermGen       total 21504K, used 11542K [0x00000000b0000000, 0x00000000b1500000, 0x00000000c0000000)
  object space 21504K, 53% used [0x00000000b0000000,0x00000000b0b45988,0x00000000b1500000)
}
Event: 3.694 GC heap before
{Heap before GC invocations=5 (full 0):
 PSYoungGen      total 34304K, used 34288K [0x00000000eaa80000, 0x00000000ece80000, 0x0000000100000000)
  eden space 31744K, 100% used [0x00000000eaa80000,0x00000000ec980000,0x00000000ec980000)
  from space 2560K, 99% used [0x00000000ecc00000,0x00000000ece7c030,0x00000000ece80000)
  to   space 2560K, 0% used [0x00000000ec980000,0x00000000ec980000,0x00000000ecc00000)
 ParOldGen       total 41472K, used 3228K [0x00000000c0000000, 0x00000000c2880000, 0x00000000eaa80000)
  object space 41472K, 7% used [0x00000000c0000000,0x00000000c0327180,0x00000000c2880000)
 PSPermGen       total 21504K, used 17633K [0x00000000b0000000, 0x00000000b1500000, 0x00000000c0000000)
  object space 21504K, 81% used [0x00000000b0000000,0x00000000b1138478,0x00000000b1500000)
Event: 3.706 GC heap after
Heap after GC invocations=5 (full 0):
 PSYoungGen      total 34304K, used 2544K [0x00000000eaa80000, 0x00000000ef880000, 0x0000000100000000)
  eden space 31744K, 0% used [0x00000000eaa80000,0x00000000eaa80000,0x00000000ec980000)
  from space 2560K, 99% used [0x00000000ec980000,0x00000000ecbfc030,0x00000000ecc00000)
  to   space 8192K, 0% used [0x00000000ef080000,0x00000000ef080000,0x00000000ef880000)
 ParOldGen       total 41472K, used 8479K [0x00000000c0000000, 0x00000000c2880000, 0x00000000eaa80000)
  object space 41472K, 20% used [0x00000000c0000000,0x00000000c0847f98,0x00000000c2880000)
 PSPermGen       total 21504K, used 17633K [0x00000000b0000000, 0x00000000b1500000, 0x00000000c0000000)
  object space 21504K, 81% used [0x00000000b0000000,0x00000000b1138478,0x00000000b1500000)
}
Event: 4.404 GC heap before
{Heap before GC invocations=6 (full 0):
 PSYoungGen      total 34304K, used 34288K [0x00000000eaa80000, 0x00000000ef880000, 0x0000000100000000)
  eden space 31744K, 100% used [0x00000000eaa80000,0x00000000ec980000,0x00000000ec980000)
  from space 2560K, 99% used [0x00000000ec980000,0x00000000ecbfc030,0x00000000ecc00000)
  to   space 8192K, 0% used [0x00000000ef080000,0x00000000ef080000,0x00000000ef880000)
 ParOldGen       total 41472K, used 8479K [0x00000000c0000000, 0x00000000c2880000, 0x00000000eaa80000)
  object space 41472K, 20% used [0x00000000c0000000,0x00000000c0847f98,0x00000000c2880000)
 PSPermGen       total 21504K, used 20071K [0x00000000b0000000, 0x00000000b1500000, 0x00000000c0000000)
  object space 21504K, 93% used [0x00000000b0000000,0x00000000b1399ed0,0x00000000b1500000)
Event: 4.419 GC heap after
Heap after GC invocations=6 (full 0):
 PSYoungGen      total 71168K, used 6397K [0x00000000eaa80000, 0x00000000ef980000, 0x0000000100000000)
  eden space 62976K, 0% used [0x00000000eaa80000,0x00000000eaa80000,0x00000000ee800000)
  from space 8192K, 78% used [0x00000000ef080000,0x00000000ef6bf658,0x00000000ef880000)
  to   space 8704K, 0% used [0x00000000ee800000,0x00000000ee800000,0x00000000ef080000)
 ParOldGen       total 41472K, used 8479K [0x00000000c0000000, 0x00000000c2880000, 0x00000000eaa80000)
  object space 41472K, 20% used [0x00000000c0000000,0x00000000c0847f98,0x00000000c2880000)
 PSPermGen       total 21504K, used 20071K [0x00000000b0000000, 0x00000000b1500000, 0x00000000c0000000)
  object space 21504K, 93% used [0x00000000b0000000,0x00000000b1399ed0,0x00000000b1500000)
}
Event: 5.397 GC heap before
{Heap before GC invocations=7 (full 0):
 PSYoungGen      total 71168K, used 69373K [0x00000000eaa80000, 0x00000000ef980000, 0x0000000100000000)
  eden space 62976K, 100% used [0x00000000eaa80000,0x00000000ee800000,0x00000000ee800000)
  from space 8192K, 78% used [0x00000000ef080000,0x00000000ef6bf658,0x00000000ef880000)
  to   space 8704K, 0% used [0x00000000ee800000,0x00000000ee800000,0x00000000ef080000)
 ParOldGen       total 41472K, used 8479K [0x00000000c0000000, 0x00000000c2880000, 0x00000000eaa80000)
  object space 41472K, 20% used [0x00000000c0000000,0x00000000c0847f98,0x00000000c2880000)
 PSPermGen       total 23552K, used 23264K [0x00000000b0000000, 0x00000000b1700000, 0x00000000c0000000)
  object space 23552K, 98% used [0x00000000b0000000,0x00000000b16b8328,0x00000000b1700000)
Event: 5.418 GC heap after
Heap after GC invocations=7 (full 0):
 PSYoungGen      total 71680K, used 8677K [0x00000000eaa80000, 0x00000000f3b80000, 0x0000000100000000)
  eden space 62976K, 0% used [0x00000000eaa80000,0x00000000eaa80000,0x00000000ee800000)
  from space 8704K, 99% used [0x00000000ee800000,0x00000000ef0797e8,0x00000000ef080000)
  to   space 11264K, 0% used [0x00000000f3080000,0x00000000f3080000,0x00000000f3b80000)
 ParOldGen       total 41472K, used 10744K [0x00000000c0000000, 0x00000000c2880000, 0x00000000eaa80000)
  object space 41472K, 25% used [0x00000000c0000000,0x00000000c0a7e0c0,0x00000000c2880000)
 PSPermGen       total 23552K, used 23264K [0x00000000b0000000, 0x00000000b1700000, 0x00000000c0000000)
  object space 23552K, 98% used [0x00000000b0000000,0x00000000b16b8328,0x00000000b1700000)
}

